slurm submission log: 2025-06-03 16:12:31.984645
created following sbatch script: 

###############################

#!/bin/bash

#SBATCH --account=nlp
#SBATCH --cpus-per-task=8
#SBATCH --gres=gpu:1
#SBATCH --job-name=azguo-job-73114
#SBATCH --mem=50G
#SBATCH --nodelist=sphinx5
#SBATCH --open-mode=append
#SBATCH --output=azguo-job-73114.out
#SBATCH --partition=sphinx
#SBATCH --time=14-0

# activate your desired anaconda environment


# cd to working directory
cd .

# launch commands
srun --unbuffered run_as_child_processes 'python3 ppo.py'

###############################

submission to slurm complete!


###############################
slurm submission output

Submitted batch job 10398973



###############################

###############################
start time: 2025-06-03 16:12:45.195227
machine: sphinx5.stanford.edu
conda env: 224r
###############################
running following processes

	python3 ppo.py


###############################
command outputs: 


[Episode 0] Final Player Score: 0, Total Reward: 0.00
[Episode 50] Final Player Score: 12, Total Reward: 12.00
[Episode 100] Final Player Score: 0, Total Reward: 0.00
[Episode 150] Final Player Score: 0, Total Reward: 0.00
[Episode 200] Final Player Score: 0, Total Reward: 0.00
[Episode 250] Final Player Score: 12, Total Reward: 12.00
[Episode 300] Final Player Score: 0, Total Reward: 0.00
[Episode 350] Final Player Score: 0, Total Reward: 0.00
[Episode 400] Final Player Score: 0, Total Reward: 0.00
[Episode 450] Final Player Score: 0, Total Reward: 0.00
Game 1: Player = 7, Bot = 8
Game 2: Player = 12, Bot = -6
Game 3: Player = -6, Bot = 12
Game 4: Player = 0, Bot = 0
Game 5: Player = 0, Bot = 0
Game 6: Player = 0, Bot = 0
Game 7: Player = 0, Bot = 0
Game 8: Player = 0, Bot = 0
Game 9: Player = 12, Bot = -6
Game 10: Player = 12, Bot = -6
Game 11: Player = 12, Bot = -6
Game 12: Player = -6, Bot = 12
Game 13: Player = 6, Bot = 12
Game 14: Player = 0, Bot = 0
Game 15: Player = 12, Bot = -6
Game 16: Player = 0, Bot = 0
Game 17: Player = 0, Bot = 0
Game 18: Player = 0, Bot = 0
Game 19: Player = -6, Bot = 12
Game 20: Player = 12, Bot = -6
Game 21: Player = 0, Bot = 0
Game 22: Player = 12, Bot = -6
Game 23: Player = 8, Bot = 7
Game 24: Player = 12, Bot = -6
Game 25: Player = 8, Bot = 9
Game 26: Player = -6, Bot = 12
Game 27: Player = 0, Bot = 0
Game 28: Player = 12, Bot = -6
Game 29: Player = 12, Bot = -6
Game 30: Player = 0, Bot = 0
Game 31: Player = 0, Bot = 0
Game 32: Player = 0, Bot = 0
Game 33: Player = -6, Bot = 12
Game 34: Player = 0, Bot = 0
Game 35: Player = 12, Bot = -6
Game 36: Player = 0, Bot = 0
Game 37: Player = 12, Bot = -6
Game 38: Player = -6, Bot = 12
Game 39: Player = 16, Bot = 6
Game 40: Player = -6, Bot = 12
Game 41: Player = -6, Bot = 12
Game 42: Player = 0, Bot = 0
Game 43: Player = 0, Bot = 0
Game 44: Player = 0, Bot = 0
Game 45: Player = -6, Bot = 12
Game 46: Player = 0, Bot = 0
Game 47: Player = 12, Bot = 6
Game 48: Player = 0, Bot = 0
Game 49: Player = 12, Bot = -6
Game 50: Player = 0, Bot = 0

==== Evaluation Summary ====
Player Wins: 16
Bot Wins: 12
Average Player Score: 3.18
Average Bot Score: 1.56
###############################
end time: 2025-06-03 16:14:05.264400
elapsed time: 0:01:20.069173
