slurm submission log: 2025-06-03 20:23:28.084766
created following sbatch script: 

###############################

#!/bin/bash

#SBATCH --account=nlp
#SBATCH --cpus-per-task=8
#SBATCH --gres=gpu:1
#SBATCH --job-name=azguo-job-152831
#SBATCH --mem=50G
#SBATCH --nodelist=sphinx3
#SBATCH --open-mode=append
#SBATCH --output=azguo-job-152831.out
#SBATCH --partition=sphinx
#SBATCH --time=14-0

# activate your desired anaconda environment


# cd to working directory
cd .

# launch commands
srun --unbuffered run_as_child_processes 'python3 ppo.py'

###############################

submission to slurm complete!


###############################
slurm submission output

Submitted batch job 10399224



###############################

