slurm submission log: 2025-06-03 15:28:43.479910
created following sbatch script: 

###############################

#!/bin/bash

#SBATCH --account=nlp
#SBATCH --cpus-per-task=8
#SBATCH --gres=gpu:1
#SBATCH --job-name=azguo-job-775127
#SBATCH --mem=50G
#SBATCH --nodelist=sphinx5
#SBATCH --open-mode=append
#SBATCH --output=azguo-job-775127.out
#SBATCH --partition=sphinx
#SBATCH --time=14-0

# activate your desired anaconda environment


# cd to working directory
cd .

# launch commands
srun --unbuffered run_as_child_processes 'python3 ppo.py'

###############################

submission to slurm complete!


###############################
slurm submission output

Submitted batch job 10398616



###############################

###############################
start time: 2025-06-03 15:28:46.215835
machine: sphinx5.stanford.edu
conda env: 224r
###############################
running following processes

	python3 ppo.py


###############################
command outputs: 


[Episode 0] Player Score: 0
[Episode 50] Player Score: 0
[Episode 100] Player Score: 0
[Episode 150] Player Score: 12
[Episode 200] Player Score: 12
[Episode 250] Player Score: 0
[Episode 300] Player Score: -6
[Episode 350] Player Score: 0
[Episode 400] Player Score: -6
[Episode 450] Player Score: 0
Game 1: Player = 0, Bot = 0
Game 2: Player = -6, Bot = 12
Game 3: Player = -6, Bot = 12
Game 4: Player = 0, Bot = 0
Game 5: Player = 0, Bot = 0
Game 6: Player = 6, Bot = 12
Game 7: Player = 0, Bot = 0
Game 8: Player = 0, Bot = 0
Game 9: Player = 6, Bot = 12
Game 10: Player = -6, Bot = 12

==== Evaluation Summary ====
Player Wins: 0
Bot Wins: 5
Average Player Score: -0.6
Average Bot Score: 6.0
###############################
end time: 2025-06-03 15:30:26.324478
elapsed time: 0:01:40.108643
