slurm submission log: 2025-06-03 20:38:28.961832
created following sbatch script: 

###############################

#!/bin/bash

#SBATCH --account=nlp
#SBATCH --cpus-per-task=8
#SBATCH --gres=gpu:1
#SBATCH --job-name=azguo-job-4729449
#SBATCH --mem=50G
#SBATCH --nodelist=sphinx2
#SBATCH --open-mode=append
#SBATCH --output=azguo-job-4729449.out
#SBATCH --partition=sphinx
#SBATCH --time=14-0

# activate your desired anaconda environment


# cd to working directory
cd .

# launch commands
srun --unbuffered run_as_child_processes 'python3 ppo.py'

###############################

submission to slurm complete!


###############################
slurm submission output

Submitted batch job 10399241



###############################

###############################
start time: 2025-06-03 20:38:42.327009
machine: sphinx2
conda env: 224r
###############################
running following processes

	python3 ppo.py


###############################
command outputs: 


[Episode 0] Final Player Score: 0, Total Reward: -1.00
[Episode 50] Final Player Score: 12, Total Reward: 12.00
[Episode 100] Final Player Score: 0, Total Reward: -1.00
[Episode 150] Final Player Score: 12, Total Reward: 12.00
[Episode 200] Final Player Score: 0, Total Reward: -1.00
[Episode 250] Final Player Score: 0, Total Reward: -1.00
[Episode 300] Final Player Score: 12, Total Reward: 12.00
[Episode 350] Final Player Score: 12, Total Reward: 12.00
[Episode 400] Final Player Score: 0, Total Reward: -1.00
[Episode 450] Final Player Score: 0, Total Reward: -1.00
Game 1: Player = 0, Bot = 0
Game 2: Player = 0, Bot = 0
Game 3: Player = 0, Bot = 0
Game 4: Player = 0, Bot = 0
Game 5: Player = 0, Bot = 0
Game 6: Player = 0, Bot = 0
Game 7: Player = 0, Bot = 0
Game 8: Player = 0, Bot = 0
Game 9: Player = 0, Bot = 0
Game 10: Player = 0, Bot = 0

==== Evaluation Summary ====
Player Wins: 0
Bot Wins: 0
Average Player Score: 0.00
Average Bot Score: 0.00
###############################
end time: 2025-06-03 20:39:02.353558
elapsed time: 0:00:20.026549
